#
# There is insufficient memory for the Java Runtime Environment to continue.
# Native memory allocation (malloc) failed to allocate 1048576 bytes for AllocateHeap
# Possible reasons:
#   The system is out of physical RAM or swap space
#   In 32 bit mode, the process size limit was hit
# Possible solutions:
#   Reduce memory load on the system
#   Increase physical memory or swap space
#   Check if swap backing store is full
#   Use 64 bit Java on a 64 bit OS
#   Decrease Java heap size (-Xmx/-Xms)
#   Decrease number of Java threads
#   Decrease Java thread stack sizes (-Xss)
#   Set larger code cache with -XX:ReservedCodeCacheSize=
# This output file may be truncated or incomplete.
#
#  Out of Memory Error (memory/allocation.inline.hpp:62), pid=4852, tid=3008
#
# JRE version:  (8.0_31-b13) (build )
# Java VM: Java HotSpot(TM) 64-Bit Server VM (25.31-b07 mixed mode windows-amd64 compressed oops)
# Failed to write core dump. Minidumps are not enabled by default on client versions of Windows
#

---------------  T H R E A D  ---------------

Current thread (0x00000000027ce800):  JavaThread "Unknown thread" [_thread_in_vm, id=3008, stack(0x00000000028d0000,0x00000000029d0000)]

Stack: [0x00000000028d0000,0x00000000029d0000]
Native frames: (J=compiled Java code, j=interpreted, Vv=VM code, C=native code)
V  [jvm.dll+0x3169ba]
V  [jvm.dll+0x2674c3]
V  [jvm.dll+0x268103]
V  [jvm.dll+0x25f8f5]
V  [jvm.dll+0x3aa76f]
V  [jvm.dll+0x3d6852]
V  [jvm.dll+0x3d6bda]
V  [jvm.dll+0x3d2017]
V  [jvm.dll+0xe54d2]
V  [jvm.dll+0x1fa089]
V  [jvm.dll+0x22b694]
V  [jvm.dll+0x14d8c1]
C  [java.exe+0x20b6]
C  [java.exe+0xc9bb]
C  [java.exe+0xca4f]
C  [KERNEL32.DLL+0x8364]
C  [ntdll.dll+0x670d1]


---------------  P R O C E S S  ---------------

Java Threads: ( => current thread )

Other Threads:

=>0x00000000027ce800 (exited) JavaThread "Unknown thread" [_thread_in_vm, id=3008, stack(0x00000000028d0000,0x00000000029d0000)]

VM state:not at safepoint (normal execution)

VM Mutex/Monitor currently owned by a thread: None

Heap:
 PSYoungGen      total 38400K, used 665K [0x00000000d5f80000, 0x00000000d8a00000, 0x0000000100000000)
  eden space 33280K, 2% used [0x00000000d5f80000,0x00000000d6026670,0x00000000d8000000)
  from space 5120K, 0% used [0x00000000d8500000,0x00000000d8500000,0x00000000d8a00000)
  to   space 5120K, 0% used [0x00000000d8000000,0x00000000d8000000,0x00000000d8500000)
 ParOldGen       total 87552K, used 0K [0x0000000081e00000, 0x0000000087380000, 0x00000000d5f80000)
  object space 87552K, 0% used [0x0000000081e00000,0x0000000081e00000,0x0000000087380000)
 Metaspace       used 677K, capacity 4480K, committed 4480K, reserved 1056768K
  class space    used 67K, capacity 384K, committed 384K, reserved 1048576K

Card table byte_map: [0x0000000011e90000,0x0000000012290000] byte_map_base: 0x0000000011a81000

Marking Bits: (ParMarkBitMap*) 0x00000000611fd4f0
 Begin Bits: [0x0000000012940000, 0x00000000148c8000)
 End Bits:   [0x00000000148c8000, 0x0000000016850000)

Polling page: 0x0000000000b60000

CodeCache: size=245760Kb used=327Kb max_used=327Kb free=245432Kb
 bounds [0x0000000002ad0000, 0x0000000002d40000, 0x0000000011ad0000]
 total_blobs=56 nmethods=0 adapters=37
 compilation: enabled

Compilation events (0 events):
No events

GC Heap History (0 events):
No events

Deoptimization events (0 events):
No events

Internal exceptions (0 events):
No events

Events (10 events):
Event: 0.014 loading class java/lang/Short
Event: 0.014 loading class java/lang/Short done
Event: 0.014 loading class java/lang/Integer
Event: 0.015 loading class java/lang/Integer done
Event: 0.015 loading class java/lang/Long
Event: 0.015 loading class java/lang/Long done
Event: 0.015 loading class java/lang/NullPointerException
Event: 0.015 loading class java/lang/NullPointerException done
Event: 0.015 loading class java/lang/ArithmeticException
Event: 0.015 loading class java/lang/ArithmeticException done


Dynamic libraries:
0x00007ff645540000 - 0x00007ff645574000 	C:\Program Files\Java\jdk1.8.0_31\bin\java.exe
0x00007ffbc7e60000 - 0x00007ffbc8031000 	C:\WINDOWS\SYSTEM32\ntdll.dll
0x00007ffbc7b80000 - 0x00007ffbc7c2b000 	C:\WINDOWS\System32\KERNEL32.DLL
0x00007ffbc47c0000 - 0x00007ffbc49dd000 	C:\WINDOWS\System32\KERNELBASE.dll
0x00007ffbc7590000 - 0x00007ffbc7632000 	C:\WINDOWS\System32\ADVAPI32.dll
0x00007ffbc7640000 - 0x00007ffbc76de000 	C:\WINDOWS\System32\msvcrt.dll
0x00007ffbc6e30000 - 0x00007ffbc6e89000 	C:\WINDOWS\System32\sechost.dll
0x00007ffbc6ea0000 - 0x00007ffbc6fc1000 	C:\WINDOWS\System32\RPCRT4.dll
0x00007ffbc6cc0000 - 0x00007ffbc6e25000 	C:\WINDOWS\System32\USER32.dll
0x00007ffbc49e0000 - 0x00007ffbc49fe000 	C:\WINDOWS\System32\win32u.dll
0x00007ffbc69a0000 - 0x00007ffbc69d4000 	C:\WINDOWS\System32\GDI32.dll
0x00007ffbc4a00000 - 0x00007ffbc4b82000 	C:\WINDOWS\System32\gdi32full.dll
0x00007ffbba550000 - 0x00007ffbba7c9000 	C:\WINDOWS\WinSxS\amd64_microsoft.windows.common-controls_6595b64144ccf1df_6.0.14393.447_none_42191651c6827bb3\COMCTL32.dll
0x00007ffbc6fd0000 - 0x00007ffbc7298000 	C:\WINDOWS\System32\combase.dll
0x00007ffbc46c0000 - 0x00007ffbc47b5000 	C:\WINDOWS\System32\ucrtbase.dll
0x00007ffbc4b90000 - 0x00007ffbc4bfa000 	C:\WINDOWS\System32\bcryptPrimitives.dll
0x00007ffbc7da0000 - 0x00007ffbc7dce000 	C:\WINDOWS\System32\IMM32.DLL
0x0000000060940000 - 0x0000000060a12000 	C:\Program Files\Java\jdk1.8.0_31\jre\bin\msvcr100.dll
0x0000000060a20000 - 0x000000006127a000 	C:\Program Files\Java\jdk1.8.0_31\jre\bin\server\jvm.dll
0x00007ffbc7360000 - 0x00007ffbc7368000 	C:\WINDOWS\System32\PSAPI.DLL
0x00007ffbb9360000 - 0x00007ffbb9369000 	C:\WINDOWS\SYSTEM32\WSOCK32.dll
0x00007ffbc7b10000 - 0x00007ffbc7b7a000 	C:\WINDOWS\System32\WS2_32.dll
0x00007ffbc2640000 - 0x00007ffbc2663000 	C:\WINDOWS\SYSTEM32\WINMM.dll
0x00007ffbc23d0000 - 0x00007ffbc23fb000 	C:\WINDOWS\SYSTEM32\WINMMBASE.dll
0x00007ffbc4670000 - 0x00007ffbc46b2000 	C:\WINDOWS\System32\cfgmgr32.dll
0x00000000608f0000 - 0x00000000608ff000 	C:\Program Files\Java\jdk1.8.0_31\jre\bin\verify.dll
0x00000000608c0000 - 0x00000000608e8000 	C:\Program Files\Java\jdk1.8.0_31\jre\bin\java.dll
0x00000000608a0000 - 0x00000000608b6000 	C:\Program Files\Java\jdk1.8.0_31\jre\bin\zip.dll
0x00007ffbbb170000 - 0x00007ffbbb302000 	C:\WINDOWS\SYSTEM32\dbghelp.dll

VM Arguments:
java_command: com.mycompany.twitterproductanalysistool.Test
java_class_path (initial): C:\Users\Mustafa\Documents\GitHub\Year-4-Analysis-Project\TwitterProductAnalysisTool\target\classes;C:\Users\Mustafa\.m2\repository\com\ibm\watson\developer_cloud\alchemy\3.5.1\alchemy-3.5.1.jar;C:\Users\Mustafa\.m2\repository\com\ibm\watson\developer_cloud\core\3.5.1\core-3.5.1.jar;C:\Users\Mustafa\.m2\repository\com\squareup\okhttp3\okhttp\3.3.1\okhttp-3.3.1.jar;C:\Users\Mustafa\.m2\repository\com\squareup\okio\okio\1.8.0\okio-1.8.0.jar;C:\Users\Mustafa\.m2\repository\com\squareup\okhttp3\logging-interceptor\3.3.1\logging-interceptor-3.3.1.jar;C:\Users\Mustafa\.m2\repository\com\squareup\okhttp3\okhttp-urlconnection\3.3.1\okhttp-urlconnection-3.3.1.jar;C:\Users\Mustafa\.m2\repository\com\google\code\gson\gson\2.6.2\gson-2.6.2.jar;C:\Users\Mustafa\.m2\repository\org\glassfish\jersey\bundles\repackaged\jersey-jsr166e\2.22.2\jersey-jsr166e-2.22.2.jar;C:\Users\Mustafa\.m2\repository\edu\stanford\nlp\stanford-corenlp\3.6.0\stanford-corenlp-3.6.0.jar;C:\Users\Mustafa\.m2\repository\com\io7m\xom\xom\1.2.10\xom-1.2.10.jar;C:\Users\Mustafa\.m2\repository\xml-apis\xml-apis\1.3.03\xml-apis-1.3.03.jar;C:\Users\Mustafa\.m2\repository\xerces\xercesImpl\2.8.0\xercesImpl-2.8.0.jar;C:\Users\Mustafa\.m2\repository\xalan\xalan\2.7.0\xalan-2.7.0.jar;C:\Users\Mustafa\.m2\repository\joda-time\joda-time\2.9\joda-time-2.9.jar;C:\Users\Mustafa\.m2\repository\de\jollyday\jollyday\0.4.7\jollyday-0.4.7.jar;C:\Users\Mustafa\.m2\repository\javax\xml\bind\jaxb-api\2.2.7\jaxb-api-2.2.7.jar;C:\Users\Mustafa\.m2\repository\com\googlecode\efficient-java-matrix-library\ejml\0.23\ejml-0.23.jar;C:\Users\Mustafa\.m2\repository\javax\json\javax.json-api\1.0\javax.json-api-1.0.jar;C:\Users\Mustafa\.m2\repository\org\slf4j\slf4j-api\1.7.12\slf4j-api-1.7.12.jar;C:\Users\Mustafa\.m2\repository\edu\stanford\nlp\stanford-corenlp\3.6.0\stanford-corenlp-3.6.0-models.jar;C:\Users\Mustafa\.m2\repository\org\twitter4j\twitter4j-core\4.0.6\twitter4j-core-4.0.6.jar;C:\Users\Mustafa\.m2\r
Launcher Type: SUN_STANDARD

Environment Variables:
JAVA_HOME=C:\Program Files\Java\jdk1.8.0_31
PATH=C:\Program Files\Haskell\bin;C:\Program Files\Haskell Platform\8.0.1\lib\extralibs\bin;C:\Program Files\Haskell Platform\8.0.1\bin;C:\Program Files (x86)\Razer Chroma SDK\bin;C:\Program Files\Razer Chroma SDK\bin;C:\ProgramData\Oracle\Java\javapath;C:\Windows\system32;C:\Windows;C:\Windows\System32\Wbem;C:\Windows\System32\WindowsPowerShell\v1.0\;C:\Program Files (x86)\ATI Technologies\ATI.ACE\Core-Static;C:\Program Files (x86)\QuickTime\QTSystem\;C:\Program Files\OpenVPN\bin;C:\Program Files (x86)\NVIDIA Corporation\PhysX\Common;C:\WINDOWS\system32;C:\WINDOWS;C:\WINDOWS\System32\Wbem;C:\WINDOWS\System32\WindowsPowerShell\v1.0\;C:\Program Files (x86)\Skype\Phone\;C:\Program Files (x86)\SSH Communications Security\SSH Secure Shell\;C:\Python27;C:\Users\Mustafa\AppData\Roaming\Microsoft\Windows\Start Menu\Programs\Python 3.5;C:\WINDOWS\system32;C:\WINDOWS;C:\WINDOWS\System32\Wbem;C:\WINDOWS\System32\WindowsPowerShell\v1.0\;C:\Program Files\Git\cmd;C:\Program Files\Haskell Platform\8.0.1\mingw\bin;C:\sqlite3;D:\MatLab\runtime\win64;D:\MatLab\bin;D:\MatLab\polyspace\bin;C:\Users\Mustafa\AppData\Local\Programs\minghc-7.10.2-x86_64\switch;C:\Users\Mustafa\AppData\Local\Programs\minghc-7.10.2-x86_64\git-2.4.5.1\cmd;C:\Users\Mustafa\AppData\Local\Programs\minghc-7.10.2-x86_64\git-2.4.5.1\usr\bin;C:\Users\Mustafa\AppData\Local\Programs\minghc-7.10.2-x86_64\ghc-7.10.2\mingw\bin;C:\Users\Mustafa\AppData\Local\Programs\minghc-7.10.2-x86_64\ghc-7.10.2\bin;C:\Users\Mustafa\AppData\Local\Programs\minghc-7.10.2-x86_64\bin;C:\Users\Mustafa\AppData\Roaming\cabal\bin;C:\Users\Mustafa\Desktop\bin;C:\Ruby200-x64\bin;C:\Users\Mustafa\AppData\Local\Programs\Python\Python35-32\Scripts\;C:\Users\Mustafa\AppData\Local\Programs\Python\Python35-32\;C:\Program Files (x86)\SSH Communications Security\SSH Secure Shell;C:\Users\Mustafa\AppData\Local\Microsoft\WindowsApps;C:\sqlite3
USERNAME=Mustafa
OS=Windows_NT
PROCESSOR_IDENTIFIER=Intel64 Family 6 Model 60 Stepping 3, GenuineIntel



---------------  S Y S T E M  ---------------

OS: Windows 8.1 , 64 bit Build 9600 

CPU:total 4 (4 cores per cpu, 1 threads per core) family 6 model 60 stepping 3, cmov, cx8, fxsr, mmx, sse, sse2, sse3, ssse3, sse4.1, sse4.2, popcnt, avx, avx2, aes, clmul, erms, lzcnt, tsc, tscinvbit, bmi1, bmi2

Memory: 4k page, physical 8261472k(2529684k free), swap 13911004k(4524k free)

vm_info: Java HotSpot(TM) 64-Bit Server VM (25.31-b07) for windows-amd64 JRE (1.8.0_31-b13), built on Dec 17 2014 21:00:28 by "java_re" with MS VC++ 10.0 (VS2010)

time: Wed Feb 01 20:58:35 2017
elapsed time: 0 seconds (0d 0h 0m 0s)

