#
# There is insufficient memory for the Java Runtime Environment to continue.
# Native memory allocation (malloc) failed to allocate 1709616 bytes for Chunk::new
# Possible reasons:
#   The system is out of physical RAM or swap space
#   In 32 bit mode, the process size limit was hit
# Possible solutions:
#   Reduce memory load on the system
#   Increase physical memory or swap space
#   Check if swap backing store is full
#   Use 64 bit Java on a 64 bit OS
#   Decrease Java heap size (-Xmx/-Xms)
#   Decrease number of Java threads
#   Decrease Java thread stack sizes (-Xss)
#   Set larger code cache with -XX:ReservedCodeCacheSize=
# This output file may be truncated or incomplete.
#
#  Out of Memory Error (allocation.cpp:390), pid=13744, tid=804
#
# JRE version: Java(TM) SE Runtime Environment (8.0_31-b13) (build 1.8.0_31-b13)
# Java VM: Java HotSpot(TM) 64-Bit Server VM (25.31-b07 mixed mode windows-amd64 compressed oops)
# Failed to write core dump. Minidumps are not enabled by default on client versions of Windows
#

---------------  T H R E A D  ---------------

Current thread (0x000000001748f000):  JavaThread "C2 CompilerThread0" daemon [_thread_in_native, id=804, stack(0x00000000189f0000,0x0000000018af0000)]

Stack: [0x00000000189f0000,0x0000000018af0000]
Native frames: (J=compiled Java code, j=interpreted, Vv=VM code, C=native code)
V  [jvm.dll+0x3169ba]
V  [jvm.dll+0x2674c3]
V  [jvm.dll+0x268103]
V  [jvm.dll+0x25f8f5]
V  [jvm.dll+0xbf025]
V  [jvm.dll+0xbf4cc]
V  [jvm.dll+0x45df82]
V  [jvm.dll+0x49f21f]
V  [jvm.dll+0x452f28]
V  [jvm.dll+0x454124]
V  [jvm.dll+0x437c62]
V  [jvm.dll+0x988e2]
V  [jvm.dll+0x990d3]
V  [jvm.dll+0x22c194]
V  [jvm.dll+0x28576a]
C  [msvcr100.dll+0x21d9f]
C  [msvcr100.dll+0x21e3b]
C  [KERNEL32.DLL+0x8364]
C  [ntdll.dll+0x670d1]


Current CompileTask:
C2:  46433 4331       4       edu.stanford.nlp.semgraph.SemanticGraph::topologicalSortHelper (135 bytes)


---------------  P R O C E S S  ---------------

Java Threads: ( => current thread )
  0x000000002273e000 JavaThread "Okio Watchdog" daemon [_thread_blocked, id=5552, stack(0x0000000023dd0000,0x0000000023ed0000)]
  0x00000000174ea000 JavaThread "OkHttp ConnectionPool" daemon [_thread_blocked, id=2692, stack(0x00000000239d0000,0x0000000023ad0000)]
  0x0000000019b11000 JavaThread "TimerQueue" daemon [_thread_blocked, id=720, stack(0x00000000206f0000,0x00000000207f0000)]
  0x0000000019940000 JavaThread "D3D Screen Updater" daemon [_thread_blocked, id=7976, stack(0x00000000204f0000,0x00000000205f0000)]
  0x0000000002843000 JavaThread "DestroyJavaVM" [_thread_blocked, id=11820, stack(0x0000000002740000,0x0000000002840000)]
  0x00000000197dc800 JavaThread "AWT-EventQueue-0" [_thread_in_Java, id=6072, stack(0x000000001b320000,0x000000001b420000)]
  0x00000000190ee000 JavaThread "AWT-Windows" daemon [_thread_in_native, id=13620, stack(0x000000001a0f0000,0x000000001a1f0000)]
  0x0000000019776800 JavaThread "AWT-Shutdown" [_thread_blocked, id=4176, stack(0x0000000019ff0000,0x000000001a0f0000)]
  0x0000000019773800 JavaThread "Java2D Disposer" daemon [_thread_blocked, id=13996, stack(0x0000000019ef0000,0x0000000019ff0000)]
  0x0000000018d06000 JavaThread "Service Thread" daemon [_thread_blocked, id=10444, stack(0x00000000190f0000,0x00000000191f0000)]
  0x0000000017494000 JavaThread "C1 CompilerThread2" daemon [_thread_blocked, id=6092, stack(0x0000000018bf0000,0x0000000018cf0000)]
  0x0000000017491000 JavaThread "C2 CompilerThread1" daemon [_thread_blocked, id=9052, stack(0x0000000018af0000,0x0000000018bf0000)]
=>0x000000001748f000 JavaThread "C2 CompilerThread0" daemon [_thread_in_native, id=804, stack(0x00000000189f0000,0x0000000018af0000)]
  0x000000001748d000 JavaThread "Attach Listener" daemon [_thread_blocked, id=6196, stack(0x00000000188f0000,0x00000000189f0000)]
  0x000000001748b800 JavaThread "Signal Dispatcher" daemon [_thread_blocked, id=9172, stack(0x00000000187f0000,0x00000000188f0000)]
  0x0000000002936800 JavaThread "Finalizer" daemon [_thread_blocked, id=10604, stack(0x00000000186e0000,0x00000000187e0000)]
  0x000000000292e000 JavaThread "Reference Handler" daemon [_thread_blocked, id=9360, stack(0x00000000185e0000,0x00000000186e0000)]

Other Threads:
  0x0000000017456800 VMThread [stack: 0x00000000184e0000,0x00000000185e0000] [id=6776]
  0x0000000018d0a800 WatcherThread [stack: 0x00000000191f0000,0x00000000192f0000] [id=8768]

VM state:not at safepoint (normal execution)

VM Mutex/Monitor currently owned by a thread: None

Heap:
 PSYoungGen      total 71680K, used 36819K [0x00000000d5f80000, 0x00000000daa80000, 0x0000000100000000)
  eden space 66560K, 55% used [0x00000000d5f80000,0x00000000d8374c28,0x00000000da080000)
  from space 5120K, 0% used [0x00000000da080000,0x00000000da080000,0x00000000da580000)
  to   space 5120K, 0% used [0x00000000da580000,0x00000000da580000,0x00000000daa80000)
 ParOldGen       total 166400K, used 166395K [0x0000000081e00000, 0x000000008c080000, 0x00000000d5f80000)
  object space 166400K, 99% used [0x0000000081e00000,0x000000008c07efb0,0x000000008c080000)
 Metaspace       used 27338K, capacity 27792K, committed 28160K, reserved 1075200K
  class space    used 3167K, capacity 3288K, committed 3328K, reserved 1048576K

Card table byte_map: [0x0000000011d00000,0x0000000012100000] byte_map_base: 0x00000000118f1000

Marking Bits: (ParMarkBitMap*) 0x00000000611fd4f0
 Begin Bits: [0x00000000127b0000, 0x0000000014738000)
 End Bits:   [0x0000000014738000, 0x00000000166c0000)

Polling page: 0x0000000000f70000

CodeCache: size=245760Kb used=14027Kb max_used=14040Kb free=231732Kb
 bounds [0x0000000002940000, 0x0000000003710000, 0x0000000011940000]
 total_blobs=4505 nmethods=3866 adapters=551
 compilation: enabled

Compilation events (10 events):
Event: 45.889 Thread 0x0000000017494000 nmethod 4337 0x00000000036f84d0 code [0x00000000036f8660, 0x00000000036f8b88]
Event: 45.914 Thread 0x0000000017494000 4338 %     3       edu.stanford.nlp.util.ArrayCoreMap::remove @ 4 (106 bytes)
Event: 45.915 Thread 0x0000000017494000 nmethod 4338% 0x00000000036e8f50 code [0x00000000036e9100, 0x00000000036e9618]
Event: 45.915 Thread 0x0000000017494000 4339       3       edu.stanford.nlp.util.ArrayCoreMap::remove (106 bytes)
Event: 45.915 Thread 0x0000000017494000 nmethod 4339 0x00000000036f7c90 code [0x00000000036f7e20, 0x00000000036f82d8]
Event: 45.927 Thread 0x0000000017491000 nmethod 4336 0x0000000003701150 code [0x0000000003701420, 0x0000000003703540]
Event: 46.414 Thread 0x0000000017494000 4340       3       edu.stanford.nlp.trees.tregex.Relation$UnbrokenCategoryDominates::pathMatchesNode (61 bytes)
Event: 46.415 Thread 0x0000000017494000 nmethod 4340 0x00000000037004d0 code [0x00000000037006a0, 0x0000000003700ec8]
Event: 46.415 Thread 0x0000000017494000 4341       3       edu.stanford.nlp.trees.UniversalEnglishGrammaticalStructure::correctDependencies (54 bytes)
Event: 46.415 Thread 0x0000000017494000 nmethod 4341 0x00000000036ffed0 code [0x0000000003700060, 0x0000000003700318]

GC Heap History (10 events):
Event: 43.796 GC heap before
{Heap before GC invocations=31 (full 24):
 PSYoungGen      total 71680K, used 66560K [0x00000000d5f80000, 0x00000000daa80000, 0x0000000100000000)
  eden space 66560K, 100% used [0x00000000d5f80000,0x00000000da080000,0x00000000da080000)
  from space 5120K, 0% used [0x00000000da080000,0x00000000da080000,0x00000000da580000)
  to   space 5120K, 0% used [0x00000000da580000,0x00000000da580000,0x00000000daa80000)
 ParOldGen       total 166400K, used 166395K [0x0000000081e00000, 0x000000008c080000, 0x00000000d5f80000)
  object space 166400K, 99% used [0x0000000081e00000,0x000000008c07efb0,0x000000008c080000)
 Metaspace       used 27318K, capacity 27728K, committed 27904K, reserved 1073152K
  class space    used 3167K, capacity 3288K, committed 3328K, reserved 1048576K
Event: 44.156 GC heap after
Heap after GC invocations=31 (full 24):
 PSYoungGen      total 71680K, used 559K [0x00000000d5f80000, 0x00000000daa80000, 0x0000000100000000)
  eden space 66560K, 0% used [0x00000000d5f80000,0x00000000d600bc68,0x00000000da080000)
  from space 5120K, 0% used [0x00000000da080000,0x00000000da080000,0x00000000da580000)
  to   space 5120K, 0% used [0x00000000da580000,0x00000000da580000,0x00000000daa80000)
 ParOldGen       total 166400K, used 166395K [0x0000000081e00000, 0x000000008c080000, 0x00000000d5f80000)
  object space 166400K, 99% used [0x0000000081e00000,0x000000008c07efb0,0x000000008c080000)
 Metaspace       used 27318K, capacity 27728K, committed 27904K, reserved 1073152K
  class space    used 3167K, capacity 3288K, committed 3328K, reserved 1048576K
}
Event: 44.220 GC heap before
{Heap before GC invocations=32 (full 25):
 PSYoungGen      total 71680K, used 66537K [0x00000000d5f80000, 0x00000000daa80000, 0x0000000100000000)
  eden space 66560K, 99% used [0x00000000d5f80000,0x00000000da07a7c8,0x00000000da080000)
  from space 5120K, 0% used [0x00000000da080000,0x00000000da080000,0x00000000da580000)
  to   space 5120K, 0% used [0x00000000da580000,0x00000000da580000,0x00000000daa80000)
 ParOldGen       total 166400K, used 166395K [0x0000000081e00000, 0x000000008c080000, 0x00000000d5f80000)
  object space 166400K, 99% used [0x0000000081e00000,0x000000008c07efb0,0x000000008c080000)
 Metaspace       used 27335K, capacity 27792K, committed 28160K, reserved 1075200K
  class space    used 3167K, capacity 3288K, committed 3328K, reserved 1048576K
Event: 44.629 GC heap after
Heap after GC invocations=32 (full 25):
 PSYoungGen      total 71680K, used 15448K [0x00000000d5f80000, 0x00000000daa80000, 0x0000000100000000)
  eden space 66560K, 23% used [0x00000000d5f80000,0x00000000d6e963f8,0x00000000da080000)
  from space 5120K, 0% used [0x00000000da080000,0x00000000da080000,0x00000000da580000)
  to   space 5120K, 0% used [0x00000000da580000,0x00000000da580000,0x00000000daa80000)
 ParOldGen       total 166400K, used 166395K [0x0000000081e00000, 0x000000008c080000, 0x00000000d5f80000)
  object space 166400K, 99% used [0x0000000081e00000,0x000000008c07efb0,0x000000008c080000)
 Metaspace       used 27335K, capacity 27792K, committed 28160K, reserved 1075200K
  class space    used 3167K, capacity 3288K, committed 3328K, reserved 1048576K
}
Event: 44.740 GC heap before
{Heap before GC invocations=33 (full 26):
 PSYoungGen      total 71680K, used 66560K [0x00000000d5f80000, 0x00000000daa80000, 0x0000000100000000)
  eden space 66560K, 100% used [0x00000000d5f80000,0x00000000da080000,0x00000000da080000)
  from space 5120K, 0% used [0x00000000da080000,0x00000000da080000,0x00000000da580000)
  to   space 5120K, 0% used [0x00000000da580000,0x00000000da580000,0x00000000daa80000)
 ParOldGen       total 166400K, used 166395K [0x0000000081e00000, 0x000000008c080000, 0x00000000d5f80000)
  object space 166400K, 99% used [0x0000000081e00000,0x000000008c07efb0,0x000000008c080000)
 Metaspace       used 27335K, capacity 27792K, committed 28160K, reserved 1075200K
  class space    used 3167K, capacity 3288K, committed 3328K, reserved 1048576K
Event: 45.302 GC heap after
Heap after GC invocations=33 (full 26):
 PSYoungGen      total 71680K, used 17876K [0x00000000d5f80000, 0x00000000daa80000, 0x0000000100000000)
  eden space 66560K, 26% used [0x00000000d5f80000,0x00000000d70f5008,0x00000000da080000)
  from space 5120K, 0% used [0x00000000da080000,0x00000000da080000,0x00000000da580000)
  to   space 5120K, 0% used [0x00000000da580000,0x00000000da580000,0x00000000daa80000)
 ParOldGen       total 166400K, used 166395K [0x0000000081e00000, 0x000000008c080000, 0x00000000d5f80000)
  object space 166400K, 99% used [0x0000000081e00000,0x000000008c07efb0,0x000000008c080000)
 Metaspace       used 27335K, capacity 27792K, committed 28160K, reserved 1075200K
  class space    used 3167K, capacity 3288K, committed 3328K, reserved 1048576K
}
Event: 45.437 GC heap before
{Heap before GC invocations=34 (full 27):
 PSYoungGen      total 71680K, used 66560K [0x00000000d5f80000, 0x00000000daa80000, 0x0000000100000000)
  eden space 66560K, 100% used [0x00000000d5f80000,0x00000000da080000,0x00000000da080000)
  from space 5120K, 0% used [0x00000000da080000,0x00000000da080000,0x00000000da580000)
  to   space 5120K, 0% used [0x00000000da580000,0x00000000da580000,0x00000000daa80000)
 ParOldGen       total 166400K, used 166395K [0x0000000081e00000, 0x000000008c080000, 0x00000000d5f80000)
  object space 166400K, 99% used [0x0000000081e00000,0x000000008c07efb0,0x000000008c080000)
 Metaspace       used 27335K, capacity 27792K, committed 28160K, reserved 1075200K
  class space    used 3167K, capacity 3288K, committed 3328K, reserved 1048576K
Event: 45.852 GC heap after
Heap after GC invocations=34 (full 27):
 PSYoungGen      total 71680K, used 15242K [0x00000000d5f80000, 0x00000000daa80000, 0x0000000100000000)
  eden space 66560K, 22% used [0x00000000d5f80000,0x00000000d6e629f8,0x00000000da080000)
  from space 5120K, 0% used [0x00000000da080000,0x00000000da080000,0x00000000da580000)
  to   space 5120K, 0% used [0x00000000da580000,0x00000000da580000,0x00000000daa80000)
 ParOldGen       total 166400K, used 166395K [0x0000000081e00000, 0x000000008c080000, 0x00000000d5f80000)
  object space 166400K, 99% used [0x0000000081e00000,0x000000008c07efb0,0x000000008c080000)
 Metaspace       used 27335K, capacity 27792K, committed 28160K, reserved 1075200K
  class space    used 3167K, capacity 3288K, committed 3328K, reserved 1048576K
}
Event: 45.984 GC heap before
{Heap before GC invocations=35 (full 28):
 PSYoungGen      total 71680K, used 66560K [0x00000000d5f80000, 0x00000000daa80000, 0x0000000100000000)
  eden space 66560K, 100% used [0x00000000d5f80000,0x00000000da080000,0x00000000da080000)
  from space 5120K, 0% used [0x00000000da080000,0x00000000da080000,0x00000000da580000)
  to   space 5120K, 0% used [0x00000000da580000,0x00000000da580000,0x00000000daa80000)
 ParOldGen       total 166400K, used 166395K [0x0000000081e00000, 0x000000008c080000, 0x00000000d5f80000)
  object space 166400K, 99% used [0x0000000081e00000,0x000000008c07efb0,0x000000008c080000)
 Metaspace       used 27336K, capacity 27792K, committed 28160K, reserved 1075200K
  class space    used 3167K, capacity 3288K, committed 3328K, reserved 1048576K
Event: 46.410 GC heap after
Heap after GC invocations=35 (full 28):
 PSYoungGen      total 71680K, used 16852K [0x00000000d5f80000, 0x00000000daa80000, 0x0000000100000000)
  eden space 66560K, 25% used [0x00000000d5f80000,0x00000000d6ff5008,0x00000000da080000)
  from space 5120K, 0% used [0x00000000da080000,0x00000000da080000,0x00000000da580000)
  to   space 5120K, 0% used [0x00000000da580000,0x00000000da580000,0x00000000daa80000)
 ParOldGen       total 166400K, used 166395K [0x0000000081e00000, 0x000000008c080000, 0x00000000d5f80000)
  object space 166400K, 99% used [0x0000000081e00000,0x000000008c07efb0,0x000000008c080000)
 Metaspace       used 27336K, capacity 27792K, committed 28160K, reserved 1075200K
  class space    used 3167K, capacity 3288K, committed 3328K, reserved 1048576K
}

Deoptimization events (10 events):
Event: 40.795 Thread 0x00000000197dc800 Uncommon trap: reason=bimorphic action=maybe_recompile pc=0x0000000003168ba4 method=java.util.regex.Matcher.search(I)Z @ 86
Event: 40.796 Thread 0x00000000197dc800 Uncommon trap: reason=class_check action=maybe_recompile pc=0x0000000002d0cb38 method=java.util.regex.Pattern$Dollar.match(Ljava/util/regex/Matcher;ILjava/lang/CharSequence;)Z @ 205
Event: 40.799 Thread 0x00000000197dc800 Uncommon trap: reason=class_check action=maybe_recompile pc=0x0000000002d0cb38 method=java.util.regex.Pattern$Dollar.match(Ljava/util/regex/Matcher;ILjava/lang/CharSequence;)Z @ 205
Event: 40.800 Thread 0x00000000197dc800 Uncommon trap: reason=class_check action=maybe_recompile pc=0x0000000002d0cb38 method=java.util.regex.Pattern$Dollar.match(Ljava/util/regex/Matcher;ILjava/lang/CharSequence;)Z @ 205
Event: 41.262 Thread 0x00000000197dc800 Uncommon trap: reason=class_check action=maybe_recompile pc=0x0000000002d0cb38 method=java.util.regex.Pattern$Dollar.match(Ljava/util/regex/Matcher;ILjava/lang/CharSequence;)Z @ 205
Event: 45.347 Thread 0x00000000197dc800 Uncommon trap: reason=unreached action=reinterpret pc=0x0000000002f2da40 method=edu.stanford.nlp.international.Language.compatibleWith(Ledu/stanford/nlp/international/Language;)Z @ 9
Event: 45.885 Thread 0x00000000197dc800 Uncommon trap: reason=class_check action=maybe_recompile pc=0x00000000030b0c64 method=java.util.ArrayList.remove(Ljava/lang/Object;)Z @ 56
Event: 45.885 Thread 0x00000000197dc800 Uncommon trap: reason=class_check action=maybe_recompile pc=0x00000000030b0c64 method=java.util.ArrayList.remove(Ljava/lang/Object;)Z @ 56
Event: 45.887 Thread 0x00000000197dc800 Uncommon trap: reason=class_check action=maybe_recompile pc=0x00000000030b0c64 method=java.util.ArrayList.remove(Ljava/lang/Object;)Z @ 56
Event: 45.887 Thread 0x00000000197dc800 Uncommon trap: reason=class_check action=maybe_recompile pc=0x00000000030b0c64 method=java.util.ArrayList.remove(Ljava/lang/Object;)Z @ 56

Internal exceptions (10 events):
Event: 35.829 Thread 0x00000000197dc800 Exception <a 'java/security/PrivilegedActionException'> (0x00000000d6f84e58) thrown at [C:\workspace\8-2-build-windows-amd64-cygwin\jdk8u31\2394\hotspot\src\share\vm\prims\jvm.cpp, line 1312]
Event: 35.829 Thread 0x00000000197dc800 Exception <a 'java/security/PrivilegedActionException'> (0x00000000d6f8b990) thrown at [C:\workspace\8-2-build-windows-amd64-cygwin\jdk8u31\2394\hotspot\src\share\vm\prims\jvm.cpp, line 1312]
Event: 35.830 Thread 0x00000000197dc800 Exception <a 'java/security/PrivilegedActionException'> (0x00000000d6f8f788) thrown at [C:\workspace\8-2-build-windows-amd64-cygwin\jdk8u31\2394\hotspot\src\share\vm\prims\jvm.cpp, line 1312]
Event: 35.830 Thread 0x00000000197dc800 Exception <a 'java/security/PrivilegedActionException'> (0x00000000d6f93740) thrown at [C:\workspace\8-2-build-windows-amd64-cygwin\jdk8u31\2394\hotspot\src\share\vm\prims\jvm.cpp, line 1312]
Event: 35.909 Thread 0x00000000197dc800 Exception <a 'java/security/PrivilegedActionException'> (0x00000000d8f2dd30) thrown at [C:\workspace\8-2-build-windows-amd64-cygwin\jdk8u31\2394\hotspot\src\share\vm\prims\jvm.cpp, line 1312]
Event: 38.490 Thread 0x00000000197dc800 Exception <a 'java/security/PrivilegedActionException'> (0x00000000d9daaaa8) thrown at [C:\workspace\8-2-build-windows-amd64-cygwin\jdk8u31\2394\hotspot\src\share\vm\prims\jvm.cpp, line 1312]
Event: 38.924 Thread 0x00000000197dc800 Exception <a 'java/security/PrivilegedActionException'> (0x00000000d86dc748) thrown at [C:\workspace\8-2-build-windows-amd64-cygwin\jdk8u31\2394\hotspot\src\share\vm\prims\jvm.cpp, line 1312]
Event: 39.379 Thread 0x00000000197dc800 Exception <a 'java/security/PrivilegedActionException'> (0x00000000d90480a8) thrown at [C:\workspace\8-2-build-windows-amd64-cygwin\jdk8u31\2394\hotspot\src\share\vm\prims\jvm.cpp, line 1312]
Event: 40.281 Thread 0x00000000197dc800 Exception <a 'java/security/PrivilegedActionException'> (0x00000000d7d5e2b8) thrown at [C:\workspace\8-2-build-windows-amd64-cygwin\jdk8u31\2394\hotspot\src\share\vm\prims\jvm.cpp, line 1312]
Event: 40.796 Thread 0x00000000197dc800 Exception <a 'java/security/PrivilegedActionException'> (0x00000000d783f4e0) thrown at [C:\workspace\8-2-build-windows-amd64-cygwin\jdk8u31\2394\hotspot\src\share\vm\prims\jvm.cpp, line 1312]

Events (10 events):
Event: 45.887 Thread 0x00000000197dc800 Uncommon trap: trap_request=0xffffffde fr.pc=0x00000000030b0c64
Event: 45.887 Thread 0x00000000197dc800 DEOPT PACKING pc=0x00000000030b0c64 sp=0x000000001b41c3c0
Event: 45.887 Thread 0x00000000197dc800 DEOPT UNPACKING pc=0x000000000298556a sp=0x000000001b41c388 mode 2
Event: 45.887 Thread 0x00000000197dc800 Uncommon trap: trap_request=0xffffffde fr.pc=0x00000000030b0c64
Event: 45.887 Thread 0x00000000197dc800 DEOPT PACKING pc=0x00000000030b0c64 sp=0x000000001b41c3c0
Event: 45.887 Thread 0x00000000197dc800 DEOPT UNPACKING pc=0x000000000298556a sp=0x000000001b41c388 mode 2
Event: 45.915 Thread 0x00000000197dc800 DEOPT PACKING pc=0x0000000002f90184 sp=0x000000001b41cb70
Event: 45.915 Thread 0x00000000197dc800 DEOPT UNPACKING pc=0x00000000029875bf sp=0x000000001b41c8c0 mode 0
Event: 45.984 Executing VM operation: ParallelGCFailedAllocation
Event: 46.411 Executing VM operation: ParallelGCFailedAllocation done


Dynamic libraries:
0x00007ff645540000 - 0x00007ff645574000 	C:\Program Files\Java\jdk1.8.0_31\bin\java.exe
0x00007ffbc7e60000 - 0x00007ffbc8031000 	C:\WINDOWS\SYSTEM32\ntdll.dll
0x00007ffbc7b80000 - 0x00007ffbc7c2b000 	C:\WINDOWS\System32\KERNEL32.DLL
0x00007ffbc47c0000 - 0x00007ffbc49dd000 	C:\WINDOWS\System32\KERNELBASE.dll
0x00007ffbc7590000 - 0x00007ffbc7632000 	C:\WINDOWS\System32\ADVAPI32.dll
0x00007ffbc7640000 - 0x00007ffbc76de000 	C:\WINDOWS\System32\msvcrt.dll
0x00007ffbc6e30000 - 0x00007ffbc6e89000 	C:\WINDOWS\System32\sechost.dll
0x00007ffbc6ea0000 - 0x00007ffbc6fc1000 	C:\WINDOWS\System32\RPCRT4.dll
0x00007ffbc6cc0000 - 0x00007ffbc6e25000 	C:\WINDOWS\System32\USER32.dll
0x00007ffbc49e0000 - 0x00007ffbc49fe000 	C:\WINDOWS\System32\win32u.dll
0x00007ffbc69a0000 - 0x00007ffbc69d4000 	C:\WINDOWS\System32\GDI32.dll
0x00007ffbc4a00000 - 0x00007ffbc4b82000 	C:\WINDOWS\System32\gdi32full.dll
0x00007ffbba550000 - 0x00007ffbba7c9000 	C:\WINDOWS\WinSxS\amd64_microsoft.windows.common-controls_6595b64144ccf1df_6.0.14393.447_none_42191651c6827bb3\COMCTL32.dll
0x00007ffbc6fd0000 - 0x00007ffbc7298000 	C:\WINDOWS\System32\combase.dll
0x00007ffbc46c0000 - 0x00007ffbc47b5000 	C:\WINDOWS\System32\ucrtbase.dll
0x00007ffbc4b90000 - 0x00007ffbc4bfa000 	C:\WINDOWS\System32\bcryptPrimitives.dll
0x00007ffbc7da0000 - 0x00007ffbc7dce000 	C:\WINDOWS\System32\IMM32.DLL
0x0000000060940000 - 0x0000000060a12000 	C:\Program Files\Java\jdk1.8.0_31\jre\bin\msvcr100.dll
0x0000000060a20000 - 0x000000006127a000 	C:\Program Files\Java\jdk1.8.0_31\jre\bin\server\jvm.dll
0x00007ffbc7360000 - 0x00007ffbc7368000 	C:\WINDOWS\System32\PSAPI.DLL
0x00007ffbc2640000 - 0x00007ffbc2663000 	C:\WINDOWS\SYSTEM32\WINMM.dll
0x00007ffbb9360000 - 0x00007ffbb9369000 	C:\WINDOWS\SYSTEM32\WSOCK32.dll
0x00007ffbc7b10000 - 0x00007ffbc7b7a000 	C:\WINDOWS\System32\WS2_32.dll
0x00000000026f0000 - 0x000000000271b000 	C:\WINDOWS\SYSTEM32\WINMMBASE.dll
0x00007ffbc4670000 - 0x00007ffbc46b2000 	C:\WINDOWS\System32\cfgmgr32.dll
0x00000000608f0000 - 0x00000000608ff000 	C:\Program Files\Java\jdk1.8.0_31\jre\bin\verify.dll
0x00000000608c0000 - 0x00000000608e8000 	C:\Program Files\Java\jdk1.8.0_31\jre\bin\java.dll
0x00000000608a0000 - 0x00000000608b6000 	C:\Program Files\Java\jdk1.8.0_31\jre\bin\zip.dll
0x00007ffbc53f0000 - 0x00007ffbc68f9000 	C:\WINDOWS\System32\SHELL32.dll
0x00007ffbc4d10000 - 0x00007ffbc53ea000 	C:\WINDOWS\System32\windows.storage.dll
0x00007ffbc42f0000 - 0x00007ffbc433c000 	C:\WINDOWS\System32\powrprof.dll
0x00007ffbc7c30000 - 0x00007ffbc7c82000 	C:\WINDOWS\System32\shlwapi.dll
0x00007ffbc4340000 - 0x00007ffbc434f000 	C:\WINDOWS\System32\kernel.appcore.dll
0x00007ffbc4c00000 - 0x00007ffbc4ca9000 	C:\WINDOWS\System32\shcore.dll
0x00007ffbc42c0000 - 0x00007ffbc42d4000 	C:\WINDOWS\System32\profapi.dll
0x00000000606c0000 - 0x0000000060858000 	C:\Program Files\Java\jdk1.8.0_31\jre\bin\awt.dll
0x00007ffbc72a0000 - 0x00007ffbc735f000 	C:\WINDOWS\System32\OLEAUT32.dll
0x00007ffbc4350000 - 0x00007ffbc43ec000 	C:\WINDOWS\System32\msvcp_win.dll
0x00007ffbc2870000 - 0x00007ffbc28ea000 	C:\WINDOWS\SYSTEM32\apphelp.dll
0x00007ffbc2a50000 - 0x00007ffbc2ae5000 	C:\WINDOWS\system32\uxtheme.dll
0x00007ffbc7430000 - 0x00007ffbc758b000 	C:\WINDOWS\System32\MSCTF.dll
0x00007ffbc1e50000 - 0x00007ffbc1e76000 	C:\WINDOWS\system32\dwmapi.dll
0x00007ffbc69e0000 - 0x00007ffbc6b17000 	C:\WINDOWS\System32\ole32.dll
0x0000000060670000 - 0x00000000606b7000 	C:\Program Files\Java\jdk1.8.0_31\jre\bin\fontmanager.dll
0x00007ffb929c0000 - 0x00007ffb92b4d000 	C:\WINDOWS\system32\d3d9.dll
0x00007ffb8f270000 - 0x00007ffb9032c000 	C:\WINDOWS\System32\DriverStore\FileRepository\nv_dispi.inf_amd64_3f929cc119e3b994\nvd3dumx.dll
0x00007ffbc02e0000 - 0x00007ffbc02ea000 	C:\WINDOWS\SYSTEM32\VERSION.dll
0x00007ffbb0380000 - 0x00007ffbb054c000 	C:\WINDOWS\system32\nvspcap64.dll
0x00007ffbc76e0000 - 0x00007ffbc7b09000 	C:\WINDOWS\System32\SETUPAPI.dll
0x00007ffbc1a20000 - 0x00007ffbc1a33000 	C:\WINDOWS\SYSTEM32\WTSAPI32.dll
0x00007ffbbd340000 - 0x00007ffbbd40d000 	C:\WINDOWS\SYSTEM32\WINHTTP.dll
0x00007ffbbd720000 - 0x00007ffbbdb1b000 	C:\WINDOWS\system32\nvapi64.dll
0x00007ffbc3250000 - 0x00007ffbc32ef000 	C:\WINDOWS\SYSTEM32\dxgi.dll
0x00007ffbbdf30000 - 0x00007ffbbe016000 	C:\Program Files (x86)\NVIDIA Corporation\3D Vision\nvSCPAPI64.dll
0x00007ffbc6900000 - 0x00007ffbc699f000 	C:\WINDOWS\System32\clbcatq.dll
0x00007ffbc1560000 - 0x00007ffbc1708000 	C:\WINDOWS\SYSTEM32\WindowsCodecs.dll
0x00007ffbc19d0000 - 0x00007ffbc1a19000 	C:\WINDOWS\system32\dataexchange.dll
0x00007ffbc2130000 - 0x00007ffbc2281000 	C:\WINDOWS\system32\dcomp.dll
0x00007ffbc0e50000 - 0x00007ffbc1106000 	C:\WINDOWS\system32\d3d11.dll
0x00007ffbc2d20000 - 0x00007ffbc2e3c000 	C:\WINDOWS\system32\twinapi.appcore.dll
0x00007ffbc3ea0000 - 0x00007ffbc3ecb000 	C:\WINDOWS\system32\bcrypt.dll
0x0000000060880000 - 0x000000006089a000 	C:\Program Files\Java\jdk1.8.0_31\jre\bin\net.dll
0x00007ffbc3bf0000 - 0x00007ffbc3c4c000 	C:\WINDOWS\system32\mswsock.dll
0x0000000060860000 - 0x0000000060871000 	C:\Program Files\Java\jdk1.8.0_31\jre\bin\nio.dll
0x0000000060620000 - 0x0000000060661000 	C:\Program Files\Java\jdk1.8.0_31\jre\bin\t2k.dll
0x00000000605e0000 - 0x000000006060a000 	C:\Program Files\Java\jdk1.8.0_31\jre\bin\dcpr.dll
0x00007ffbc39c0000 - 0x00007ffbc3a60000 	C:\WINDOWS\SYSTEM32\DNSAPI.dll
0x00007ffbc6e90000 - 0x00007ffbc6e98000 	C:\WINDOWS\System32\NSI.dll
0x00007ffbc3980000 - 0x00007ffbc39b8000 	C:\WINDOWS\SYSTEM32\IPHLPAPI.DLL
0x00000000632c0000 - 0x00000000632e6000 	C:\Program Files\Bonjour\mdnsNSP.dll
0x00007ffbbb7b0000 - 0x00007ffbbb7ba000 	C:\Windows\System32\rasadhlp.dll
0x00007ffbbe5c0000 - 0x00007ffbbe62a000 	C:\WINDOWS\System32\fwpuclnt.dll
0x000000005e460000 - 0x000000005e484000 	C:\Program Files\Java\jdk1.8.0_31\jre\bin\sunec.dll
0x00007ffbc3da0000 - 0x00007ffbc3db7000 	C:\WINDOWS\SYSTEM32\CRYPTSP.dll
0x00007ffbc3800000 - 0x00007ffbc3833000 	C:\WINDOWS\system32\rsaenh.dll
0x00007ffbc3a70000 - 0x00007ffbc3a8f000 	C:\WINDOWS\SYSTEM32\USERENV.dll
0x00007ffbc3d90000 - 0x00007ffbc3d9b000 	C:\WINDOWS\SYSTEM32\CRYPTBASE.dll
0x00007ffbc0230000 - 0x00007ffbc0246000 	C:\WINDOWS\SYSTEM32\dhcpcsvc6.DLL
0x00007ffbc0210000 - 0x00007ffbc022a000 	C:\WINDOWS\SYSTEM32\dhcpcsvc.DLL
0x00007ffbaf940000 - 0x00007ffbaf956000 	C:\WINDOWS\system32\napinsp.dll
0x00007ffbaf920000 - 0x00007ffbaf93a000 	C:\WINDOWS\system32\pnrpnsp.dll
0x00007ffbc20e0000 - 0x00007ffbc20f8000 	C:\WINDOWS\system32\NLAapi.dll
0x00007ffbb0840000 - 0x00007ffbb084e000 	C:\WINDOWS\System32\winrnr.dll
0x00007ffbbb170000 - 0x00007ffbbb302000 	C:\WINDOWS\SYSTEM32\dbghelp.dll

VM Arguments:
java_command: com.mycompany.twitterproductanalysistool.GUI.UserInputFrame
java_class_path (initial): C:\Users\Mustafa\Documents\GitHub\Year-4-Analysis-Project\TwitterProductAnalysisTool\target\classes;C:\Users\Mustafa\.m2\repository\com\ibm\watson\developer_cloud\alchemy\3.5.1\alchemy-3.5.1.jar;C:\Users\Mustafa\.m2\repository\com\ibm\watson\developer_cloud\core\3.5.1\core-3.5.1.jar;C:\Users\Mustafa\.m2\repository\com\squareup\okhttp3\okhttp\3.3.1\okhttp-3.3.1.jar;C:\Users\Mustafa\.m2\repository\com\squareup\okio\okio\1.8.0\okio-1.8.0.jar;C:\Users\Mustafa\.m2\repository\com\squareup\okhttp3\logging-interceptor\3.3.1\logging-interceptor-3.3.1.jar;C:\Users\Mustafa\.m2\repository\com\squareup\okhttp3\okhttp-urlconnection\3.3.1\okhttp-urlconnection-3.3.1.jar;C:\Users\Mustafa\.m2\repository\com\google\code\gson\gson\2.6.2\gson-2.6.2.jar;C:\Users\Mustafa\.m2\repository\org\glassfish\jersey\bundles\repackaged\jersey-jsr166e\2.22.2\jersey-jsr166e-2.22.2.jar;C:\Users\Mustafa\.m2\repository\edu\stanford\nlp\stanford-corenlp\3.6.0\stanford-corenlp-3.6.0.jar;C:\Users\Mustafa\.m2\repository\com\io7m\xom\xom\1.2.10\xom-1.2.10.jar;C:\Users\Mustafa\.m2\repository\xml-apis\xml-apis\1.3.03\xml-apis-1.3.03.jar;C:\Users\Mustafa\.m2\repository\xerces\xercesImpl\2.8.0\xercesImpl-2.8.0.jar;C:\Users\Mustafa\.m2\repository\xalan\xalan\2.7.0\xalan-2.7.0.jar;C:\Users\Mustafa\.m2\repository\joda-time\joda-time\2.9\joda-time-2.9.jar;C:\Users\Mustafa\.m2\repository\de\jollyday\jollyday\0.4.7\jollyday-0.4.7.jar;C:\Users\Mustafa\.m2\repository\javax\xml\bind\jaxb-api\2.2.7\jaxb-api-2.2.7.jar;C:\Users\Mustafa\.m2\repository\com\googlecode\efficient-java-matrix-library\ejml\0.23\ejml-0.23.jar;C:\Users\Mustafa\.m2\repository\javax\json\javax.json-api\1.0\javax.json-api-1.0.jar;C:\Users\Mustafa\.m2\repository\org\slf4j\slf4j-api\1.7.12\slf4j-api-1.7.12.jar;C:\Users\Mustafa\.m2\repository\edu\stanford\nlp\stanford-corenlp\3.6.0\stanford-corenlp-3.6.0-models.jar;C:\Users\Mustafa\.m2\repository\org\twitter4j\twitter4j-core\4.0.6\twitter4j-core-4.0.6.jar;C:\Users\Mustafa\.m2\r
Launcher Type: SUN_STANDARD

Environment Variables:
JAVA_HOME=C:\Program Files\Java\jdk1.8.0_31
PATH=C:\Program Files\Haskell\bin;C:\Program Files\Haskell Platform\8.0.1\lib\extralibs\bin;C:\Program Files\Haskell Platform\8.0.1\bin;C:\Program Files (x86)\Razer Chroma SDK\bin;C:\Program Files\Razer Chroma SDK\bin;C:\ProgramData\Oracle\Java\javapath;C:\Windows\system32;C:\Windows;C:\Windows\System32\Wbem;C:\Windows\System32\WindowsPowerShell\v1.0\;C:\Program Files (x86)\ATI Technologies\ATI.ACE\Core-Static;C:\Program Files (x86)\QuickTime\QTSystem\;C:\Program Files\OpenVPN\bin;C:\Program Files (x86)\NVIDIA Corporation\PhysX\Common;C:\WINDOWS\system32;C:\WINDOWS;C:\WINDOWS\System32\Wbem;C:\WINDOWS\System32\WindowsPowerShell\v1.0\;C:\Program Files (x86)\Skype\Phone\;C:\Program Files (x86)\SSH Communications Security\SSH Secure Shell\;C:\Python27;C:\Users\Mustafa\AppData\Roaming\Microsoft\Windows\Start Menu\Programs\Python 3.5;C:\WINDOWS\system32;C:\WINDOWS;C:\WINDOWS\System32\Wbem;C:\WINDOWS\System32\WindowsPowerShell\v1.0\;C:\Program Files\Git\cmd;C:\Program Files\Haskell Platform\8.0.1\mingw\bin;C:\sqlite3;D:\MatLab\runtime\win64;D:\MatLab\bin;D:\MatLab\polyspace\bin;C:\Users\Mustafa\AppData\Local\Programs\minghc-7.10.2-x86_64\switch;C:\Users\Mustafa\AppData\Local\Programs\minghc-7.10.2-x86_64\git-2.4.5.1\cmd;C:\Users\Mustafa\AppData\Local\Programs\minghc-7.10.2-x86_64\git-2.4.5.1\usr\bin;C:\Users\Mustafa\AppData\Local\Programs\minghc-7.10.2-x86_64\ghc-7.10.2\mingw\bin;C:\Users\Mustafa\AppData\Local\Programs\minghc-7.10.2-x86_64\ghc-7.10.2\bin;C:\Users\Mustafa\AppData\Local\Programs\minghc-7.10.2-x86_64\bin;C:\Users\Mustafa\AppData\Roaming\cabal\bin;C:\Users\Mustafa\Desktop\bin;C:\Ruby200-x64\bin;C:\Users\Mustafa\AppData\Local\Programs\Python\Python35-32\Scripts\;C:\Users\Mustafa\AppData\Local\Programs\Python\Python35-32\;C:\Program Files (x86)\SSH Communications Security\SSH Secure Shell;C:\Users\Mustafa\AppData\Local\Microsoft\WindowsApps;C:\sqlite3
USERNAME=Mustafa
OS=Windows_NT
PROCESSOR_IDENTIFIER=Intel64 Family 6 Model 60 Stepping 3, GenuineIntel



---------------  S Y S T E M  ---------------

OS: Windows 8.1 , 64 bit Build 9600 

CPU:total 4 (4 cores per cpu, 1 threads per core) family 6 model 60 stepping 3, cmov, cx8, fxsr, mmx, sse, sse2, sse3, ssse3, sse4.1, sse4.2, popcnt, avx, avx2, aes, clmul, erms, lzcnt, tsc, tscinvbit, bmi1, bmi2

Memory: 4k page, physical 8261472k(1784704k free), swap 13906184k(1844k free)

vm_info: Java HotSpot(TM) 64-Bit Server VM (25.31-b07) for windows-amd64 JRE (1.8.0_31-b13), built on Dec 17 2014 21:00:28 by "java_re" with MS VC++ 10.0 (VS2010)

time: Wed Feb 01 22:52:57 2017
elapsed time: 46 seconds (0d 0h 0m 46s)

