#
# There is insufficient memory for the Java Runtime Environment to continue.
# Native memory allocation (malloc) failed to allocate 1377728 bytes for Chunk::new
# Possible reasons:
#   The system is out of physical RAM or swap space
#   In 32 bit mode, the process size limit was hit
# Possible solutions:
#   Reduce memory load on the system
#   Increase physical memory or swap space
#   Check if swap backing store is full
#   Use 64 bit Java on a 64 bit OS
#   Decrease Java heap size (-Xmx/-Xms)
#   Decrease number of Java threads
#   Decrease Java thread stack sizes (-Xss)
#   Set larger code cache with -XX:ReservedCodeCacheSize=
# This output file may be truncated or incomplete.
#
#  Out of Memory Error (allocation.cpp:390), pid=7640, tid=7876
#
# JRE version: Java(TM) SE Runtime Environment (8.0_31-b13) (build 1.8.0_31-b13)
# Java VM: Java HotSpot(TM) 64-Bit Server VM (25.31-b07 mixed mode windows-amd64 compressed oops)
# Failed to write core dump. Minidumps are not enabled by default on client versions of Windows
#

---------------  T H R E A D  ---------------

Current thread (0x0000000016eff000):  JavaThread "C2 CompilerThread0" daemon [_thread_in_native, id=7876, stack(0x0000000018460000,0x0000000018560000)]

Stack: [0x0000000018460000,0x0000000018560000]
Native frames: (J=compiled Java code, j=interpreted, Vv=VM code, C=native code)
V  [jvm.dll+0x3169ba]
V  [jvm.dll+0x2674c3]
V  [jvm.dll+0x268103]
V  [jvm.dll+0x25f8f5]
V  [jvm.dll+0xbf025]
V  [jvm.dll+0xbf4cc]
V  [jvm.dll+0x479917]
V  [jvm.dll+0x446e60]
V  [jvm.dll+0x451bce]
V  [jvm.dll+0x4541b8]
V  [jvm.dll+0x437c62]
V  [jvm.dll+0x988e2]
V  [jvm.dll+0x990d3]
V  [jvm.dll+0x22c194]
V  [jvm.dll+0x28576a]
C  [msvcr100.dll+0x21d9f]
C  [msvcr100.dll+0x21e3b]
C  [KERNEL32.DLL+0x8364]
C  [ntdll.dll+0x670d1]


Current CompileTask:
C2:   1513 1419   !   4       org.apache.maven.model.interpolation.StringSearchModelInterpolator$InterpolateObjectAction::traverseObjectWithParents (118 bytes)


---------------  P R O C E S S  ---------------

Java Threads: ( => current thread )
  0x0000000019ae6000 JavaThread "Thread-1" daemon [_thread_blocked, id=14020, stack(0x000000001bf60000,0x000000001c060000)]
  0x000000001a39c000 JavaThread "Thread-3" daemon [_thread_in_native, id=14332, stack(0x000000001be60000,0x000000001bf60000)]
  0x000000001ab7f000 JavaThread "Thread-2" daemon [_thread_in_native, id=11932, stack(0x000000001bd60000,0x000000001be60000)]
  0x0000000018795800 JavaThread "Service Thread" daemon [_thread_blocked, id=7988, stack(0x0000000018b60000,0x0000000018c60000)]
  0x0000000016f55000 JavaThread "C1 CompilerThread2" daemon [_thread_blocked, id=9064, stack(0x0000000018660000,0x0000000018760000)]
  0x0000000016f01000 JavaThread "C2 CompilerThread1" daemon [_thread_blocked, id=4232, stack(0x0000000018560000,0x0000000018660000)]
=>0x0000000016eff000 JavaThread "C2 CompilerThread0" daemon [_thread_in_native, id=7876, stack(0x0000000018460000,0x0000000018560000)]
  0x0000000016efc800 JavaThread "Attach Listener" daemon [_thread_blocked, id=6348, stack(0x0000000018360000,0x0000000018460000)]
  0x0000000016efa800 JavaThread "Signal Dispatcher" daemon [_thread_blocked, id=12532, stack(0x0000000018260000,0x0000000018360000)]
  0x0000000002306000 JavaThread "Finalizer" daemon [_thread_blocked, id=13252, stack(0x0000000018160000,0x0000000018260000)]
  0x00000000022fd000 JavaThread "Reference Handler" daemon [_thread_blocked, id=7936, stack(0x0000000018060000,0x0000000018160000)]
  0x0000000000a9e800 JavaThread "main" [_thread_in_native, id=6640, stack(0x0000000000960000,0x0000000000a60000)]

Other Threads:
  0x0000000016ec7000 VMThread [stack: 0x0000000017f60000,0x0000000018060000] [id=5680]
  0x0000000018798800 WatcherThread [stack: 0x0000000018c60000,0x0000000018d60000] [id=11132]

VM state:not at safepoint (normal execution)

VM Mutex/Monitor currently owned by a thread: None

Heap:
 PSYoungGen      total 38400K, used 8764K [0x00000000d5f80000, 0x00000000d8a00000, 0x0000000100000000)
  eden space 33280K, 11% used [0x00000000d5f80000,0x00000000d6323dc0,0x00000000d8000000)
  from space 5120K, 98% used [0x00000000d8000000,0x00000000d84eb480,0x00000000d8500000)
  to   space 5120K, 0% used [0x00000000d8500000,0x00000000d8500000,0x00000000d8a00000)
 ParOldGen       total 87552K, used 1535K [0x0000000081e00000, 0x0000000087380000, 0x00000000d5f80000)
  object space 87552K, 1% used [0x0000000081e00000,0x0000000081f7fe00,0x0000000087380000)
 Metaspace       used 13198K, capacity 13430K, committed 13824K, reserved 1060864K
  class space    used 1597K, capacity 1682K, committed 1792K, reserved 1048576K

Card table byte_map: [0x00000000117a0000,0x0000000011ba0000] byte_map_base: 0x0000000011391000

Marking Bits: (ParMarkBitMap*) 0x00000000611fd4f0
 Begin Bits: [0x0000000012250000, 0x00000000141d8000)
 End Bits:   [0x00000000141d8000, 0x0000000016160000)

Polling page: 0x0000000000a60000

CodeCache: size=245760Kb used=6583Kb max_used=6595Kb free=239176Kb
 bounds [0x00000000023e0000, 0x0000000002a60000, 0x00000000113e0000]
 total_blobs=2294 nmethods=1978 adapters=229
 compilation: enabled

Compilation events (10 events):
Event: 1.421 Thread 0x0000000016f01000 1976   !   4       java.util.WeakHashMap::expungeStaleEntries (139 bytes)
Event: 1.421 Thread 0x0000000016f01000 nmethod 1976 0x0000000002a4d050 code [0x0000000002a4d180, 0x0000000002a4d218]
Event: 1.422 Thread 0x0000000016f55000 1977       3       java.lang.ProcessEnvironment$NameComparator::compare (90 bytes)
Event: 1.422 Thread 0x0000000016f01000 1980       4       java.lang.Character::toUpperCase (6 bytes)
Event: 1.423 Thread 0x0000000016f55000 nmethod 1977 0x0000000002a510d0 code [0x0000000002a51300, 0x0000000002a52018]
Event: 1.423 Thread 0x0000000016f55000 1978       3       java.lang.ProcessEnvironment$CheckedEntry::getKey (5 bytes)
Event: 1.423 Thread 0x0000000016f55000 nmethod 1978 0x0000000002a45390 code [0x0000000002a45500, 0x0000000002a45868]
Event: 1.423 Thread 0x0000000016f55000 1979       3       java.lang.ProcessEnvironment$CheckedEntry::getKey (13 bytes)
Event: 1.423 Thread 0x0000000016f55000 nmethod 1979 0x0000000002a44e50 code [0x0000000002a44fc0, 0x0000000002a452c8]
Event: 1.423 Thread 0x0000000016f01000 nmethod 1980 0x0000000002a4c350 code [0x0000000002a4c480, 0x0000000002a4c538]

GC Heap History (6 events):
Event: 0.488 GC heap before
{Heap before GC invocations=1 (full 0):
 PSYoungGen      total 38400K, used 33280K [0x00000000d5f80000, 0x00000000d8a00000, 0x0000000100000000)
  eden space 33280K, 100% used [0x00000000d5f80000,0x00000000d8000000,0x00000000d8000000)
  from space 5120K, 0% used [0x00000000d8500000,0x00000000d8500000,0x00000000d8a00000)
  to   space 5120K, 0% used [0x00000000d8000000,0x00000000d8000000,0x00000000d8500000)
 ParOldGen       total 87552K, used 0K [0x0000000081e00000, 0x0000000087380000, 0x00000000d5f80000)
  object space 87552K, 0% used [0x0000000081e00000,0x0000000081e00000,0x0000000087380000)
 Metaspace       used 7522K, capacity 7624K, committed 7680K, reserved 1056768K
  class space    used 933K, capacity 986K, committed 1024K, reserved 1048576K
Event: 0.491 GC heap after
Heap after GC invocations=1 (full 0):
 PSYoungGen      total 38400K, used 4434K [0x00000000d5f80000, 0x00000000d8a00000, 0x0000000100000000)
  eden space 33280K, 0% used [0x00000000d5f80000,0x00000000d5f80000,0x00000000d8000000)
  from space 5120K, 86% used [0x00000000d8000000,0x00000000d8454bf8,0x00000000d8500000)
  to   space 5120K, 0% used [0x00000000d8500000,0x00000000d8500000,0x00000000d8a00000)
 ParOldGen       total 87552K, used 16K [0x0000000081e00000, 0x0000000087380000, 0x00000000d5f80000)
  object space 87552K, 0% used [0x0000000081e00000,0x0000000081e04000,0x0000000087380000)
 Metaspace       used 7522K, capacity 7624K, committed 7680K, reserved 1056768K
  class space    used 933K, capacity 986K, committed 1024K, reserved 1048576K
}
Event: 0.973 GC heap before
{Heap before GC invocations=2 (full 0):
 PSYoungGen      total 38400K, used 37714K [0x00000000d5f80000, 0x00000000d8a00000, 0x0000000100000000)
  eden space 33280K, 100% used [0x00000000d5f80000,0x00000000d8000000,0x00000000d8000000)
  from space 5120K, 86% used [0x00000000d8000000,0x00000000d8454bf8,0x00000000d8500000)
  to   space 5120K, 0% used [0x00000000d8500000,0x00000000d8500000,0x00000000d8a00000)
 ParOldGen       total 87552K, used 16K [0x0000000081e00000, 0x0000000087380000, 0x00000000d5f80000)
  object space 87552K, 0% used [0x0000000081e00000,0x0000000081e04000,0x0000000087380000)
 Metaspace       used 11985K, capacity 12178K, committed 12416K, reserved 1060864K
  class space    used 1473K, capacity 1542K, committed 1664K, reserved 1048576K
Event: 0.979 GC heap after
Heap after GC invocations=2 (full 0):
 PSYoungGen      total 38400K, used 5113K [0x00000000d5f80000, 0x00000000d8a00000, 0x0000000100000000)
  eden space 33280K, 0% used [0x00000000d5f80000,0x00000000d5f80000,0x00000000d8000000)
  from space 5120K, 99% used [0x00000000d8500000,0x00000000d89fe7b8,0x00000000d8a00000)
  to   space 5120K, 0% used [0x00000000d8000000,0x00000000d8000000,0x00000000d8500000)
 ParOldGen       total 87552K, used 1527K [0x0000000081e00000, 0x0000000087380000, 0x00000000d5f80000)
  object space 87552K, 1% used [0x0000000081e00000,0x0000000081f7de00,0x0000000087380000)
 Metaspace       used 11985K, capacity 12178K, committed 12416K, reserved 1060864K
  class space    used 1473K, capacity 1542K, committed 1664K, reserved 1048576K
}
Event: 1.374 GC heap before
{Heap before GC invocations=3 (full 0):
 PSYoungGen      total 38400K, used 38393K [0x00000000d5f80000, 0x00000000d8a00000, 0x0000000100000000)
  eden space 33280K, 100% used [0x00000000d5f80000,0x00000000d8000000,0x00000000d8000000)
  from space 5120K, 99% used [0x00000000d8500000,0x00000000d89fe7b8,0x00000000d8a00000)
  to   space 5120K, 0% used [0x00000000d8000000,0x00000000d8000000,0x00000000d8500000)
 ParOldGen       total 87552K, used 1527K [0x0000000081e00000, 0x0000000087380000, 0x00000000d5f80000)
  object space 87552K, 1% used [0x0000000081e00000,0x0000000081f7de00,0x0000000087380000)
 Metaspace       used 12859K, capacity 13106K, committed 13440K, reserved 1060864K
  class space    used 1546K, capacity 1614K, committed 1664K, reserved 1048576K
Event: 1.379 GC heap after
Heap after GC invocations=3 (full 0):
 PSYoungGen      total 38400K, used 5037K [0x00000000d5f80000, 0x00000000d8a00000, 0x0000000100000000)
  eden space 33280K, 0% used [0x00000000d5f80000,0x00000000d5f80000,0x00000000d8000000)
  from space 5120K, 98% used [0x00000000d8000000,0x00000000d84eb480,0x00000000d8500000)
  to   space 5120K, 0% used [0x00000000d8500000,0x00000000d8500000,0x00000000d8a00000)
 ParOldGen       total 87552K, used 1535K [0x0000000081e00000, 0x0000000087380000, 0x00000000d5f80000)
  object space 87552K, 1% used [0x0000000081e00000,0x0000000081f7fe00,0x0000000087380000)
 Metaspace       used 12859K, capacity 13106K, committed 13440K, reserved 1060864K
  class space    used 1546K, capacity 1614K, committed 1664K, reserved 1048576K
}

Deoptimization events (10 events):
Event: 1.004 Thread 0x0000000000a9e800 Uncommon trap: reason=unreached action=reinterpret pc=0x00000000026aed30 method=java.util.HashMap.hash(Ljava/lang/Object;)I @ 1
Event: 1.004 Thread 0x0000000000a9e800 Uncommon trap: reason=unreached action=reinterpret pc=0x000000000276bca8 method=java.util.HashMap.hash(Ljava/lang/Object;)I @ 1
Event: 1.005 Thread 0x0000000000a9e800 Uncommon trap: reason=unreached action=reinterpret pc=0x000000000279be2c method=java.util.HashMap.hash(Ljava/lang/Object;)I @ 1
Event: 1.022 Thread 0x0000000000a9e800 Uncommon trap: reason=class_check action=maybe_recompile pc=0x000000000276b0f0 method=java.util.HashMap.putVal(ILjava/lang/Object;Ljava/lang/Object;ZZ)Ljava/lang/Object; @ 203
Event: 1.164 Thread 0x0000000000a9e800 Uncommon trap: reason=null_check action=make_not_entrant pc=0x0000000002946a04 method=org.apache.maven.model.io.xpp3.MavenXpp3Reader.checkFieldWithDuplicate(Lorg/codehaus/plexus/util/xml/pull/XmlPullParser;Ljava/lang/String;Ljava/lang/String;Ljava/util/Setæ>«põ?
Event: 1.340 Thread 0x0000000000a9e800 Uncommon trap: reason=speculate_class_check action=maybe_recompile pc=0x00000000029864c4 method=java.nio.charset.CharsetDecoder.decode(Ljava/nio/ByteBuffer;Ljava/nio/CharBuffer;Z)Ljava/nio/charset/CoderResult; @ 57
Event: 1.340 Thread 0x0000000000a9e800 Uncommon trap: reason=speculate_class_check action=maybe_recompile pc=0x00000000029864c4 method=java.nio.charset.CharsetDecoder.decode(Ljava/nio/ByteBuffer;Ljava/nio/CharBuffer;Z)Ljava/nio/charset/CoderResult; @ 57
Event: 1.341 Thread 0x0000000000a9e800 Uncommon trap: reason=speculate_class_check action=maybe_recompile pc=0x00000000029864c4 method=java.nio.charset.CharsetDecoder.decode(Ljava/nio/ByteBuffer;Ljava/nio/CharBuffer;Z)Ljava/nio/charset/CoderResult; @ 57
Event: 1.341 Thread 0x0000000000a9e800 Uncommon trap: reason=speculate_class_check action=maybe_recompile pc=0x00000000029864c4 method=java.nio.charset.CharsetDecoder.decode(Ljava/nio/ByteBuffer;Ljava/nio/CharBuffer;Z)Ljava/nio/charset/CoderResult; @ 57
Event: 1.388 Thread 0x0000000000a9e800 Uncommon trap: reason=bimorphic action=maybe_recompile pc=0x00000000029a19ec method=java.util.HashMap.putVal(ILjava/lang/Object;Ljava/lang/Object;ZZ)Ljava/lang/Object; @ 203

Internal exceptions (10 events):
Event: 1.419 Thread 0x0000000000a9e800 Exception <a 'java/security/PrivilegedActionException'> (0x00000000d6200fe0) thrown at [C:\workspace\8-2-build-windows-amd64-cygwin\jdk8u31\2394\hotspot\src\share\vm\prims\jvm.cpp, line 1312]
Event: 1.420 Thread 0x0000000000a9e800 Exception <a 'java/security/PrivilegedActionException'> (0x00000000d62074f8) thrown at [C:\workspace\8-2-build-windows-amd64-cygwin\jdk8u31\2394\hotspot\src\share\vm\prims\jvm.cpp, line 1312]
Event: 1.420 Thread 0x0000000000a9e800 Exception <a 'java/security/PrivilegedActionException'> (0x00000000d620bc00) thrown at [C:\workspace\8-2-build-windows-amd64-cygwin\jdk8u31\2394\hotspot\src\share\vm\prims\jvm.cpp, line 1312]
Event: 1.420 Thread 0x0000000000a9e800 Exception <a 'java/security/PrivilegedActionException'> (0x00000000d62108d8) thrown at [C:\workspace\8-2-build-windows-amd64-cygwin\jdk8u31\2394\hotspot\src\share\vm\prims\jvm.cpp, line 1312]
Event: 1.421 Thread 0x0000000000a9e800 Exception <a 'java/security/PrivilegedActionException'> (0x00000000d6214630) thrown at [C:\workspace\8-2-build-windows-amd64-cygwin\jdk8u31\2394\hotspot\src\share\vm\prims\jvm.cpp, line 1312]
Event: 1.421 Thread 0x0000000000a9e800 Exception <a 'java/security/PrivilegedActionException'> (0x00000000d6222078) thrown at [C:\workspace\8-2-build-windows-amd64-cygwin\jdk8u31\2394\hotspot\src\share\vm\prims\jvm.cpp, line 1312]
Event: 1.421 Thread 0x0000000000a9e800 Exception <a 'java/security/PrivilegedActionException'> (0x00000000d62274f0) thrown at [C:\workspace\8-2-build-windows-amd64-cygwin\jdk8u31\2394\hotspot\src\share\vm\prims\jvm.cpp, line 1312]
Event: 1.421 Thread 0x0000000000a9e800 Exception <a 'java/security/PrivilegedActionException'> (0x00000000d622ec38) thrown at [C:\workspace\8-2-build-windows-amd64-cygwin\jdk8u31\2394\hotspot\src\share\vm\prims\jvm.cpp, line 1312]
Event: 1.424 Thread 0x0000000000a9e800 Exception <a 'java/security/PrivilegedActionException'> (0x00000000d62511c8) thrown at [C:\workspace\8-2-build-windows-amd64-cygwin\jdk8u31\2394\hotspot\src\share\vm\prims\jvm.cpp, line 1312]
Event: 1.424 Thread 0x0000000000a9e800 Exception <a 'java/security/PrivilegedActionException'> (0x00000000d6255b38) thrown at [C:\workspace\8-2-build-windows-amd64-cygwin\jdk8u31\2394\hotspot\src\share\vm\prims\jvm.cpp, line 1312]

Events (10 events):
Event: 1.424 loading class org/apache/commons/exec/InputStreamPumper done
Event: 1.424 loading class org/apache/commons/exec/InputStreamPumper
Event: 1.424 loading class org/apache/commons/exec/InputStreamPumper done
Event: 1.424 loading class org/apache/commons/exec/StreamPumper
Event: 1.424 loading class org/apache/commons/exec/StreamPumper done
Event: 1.424 loading class org/apache/commons/exec/StreamPumper
Event: 1.424 loading class org/apache/commons/exec/StreamPumper done
Event: 1.424 Thread 0x000000001ab7f000 Thread added: 0x000000001ab7f000
Event: 1.424 Thread 0x000000001a39c000 Thread added: 0x000000001a39c000
Event: 1.424 Thread 0x0000000019ae6000 Thread added: 0x0000000019ae6000


Dynamic libraries:
0x00007ff645540000 - 0x00007ff645574000 	C:\Program Files\Java\jdk1.8.0_31\bin\java.exe
0x00007ffbc7e60000 - 0x00007ffbc8031000 	C:\WINDOWS\SYSTEM32\ntdll.dll
0x00007ffbc7b80000 - 0x00007ffbc7c2b000 	C:\WINDOWS\System32\KERNEL32.DLL
0x00007ffbc47c0000 - 0x00007ffbc49dd000 	C:\WINDOWS\System32\KERNELBASE.dll
0x00007ffbc7590000 - 0x00007ffbc7632000 	C:\WINDOWS\System32\ADVAPI32.dll
0x00007ffbc7640000 - 0x00007ffbc76de000 	C:\WINDOWS\System32\msvcrt.dll
0x00007ffbc6e30000 - 0x00007ffbc6e89000 	C:\WINDOWS\System32\sechost.dll
0x00007ffbc6ea0000 - 0x00007ffbc6fc1000 	C:\WINDOWS\System32\RPCRT4.dll
0x00007ffbc6cc0000 - 0x00007ffbc6e25000 	C:\WINDOWS\System32\USER32.dll
0x00007ffbc49e0000 - 0x00007ffbc49fe000 	C:\WINDOWS\System32\win32u.dll
0x00007ffbc69a0000 - 0x00007ffbc69d4000 	C:\WINDOWS\System32\GDI32.dll
0x00007ffbc4a00000 - 0x00007ffbc4b82000 	C:\WINDOWS\System32\gdi32full.dll
0x00007ffbba550000 - 0x00007ffbba7c9000 	C:\WINDOWS\WinSxS\amd64_microsoft.windows.common-controls_6595b64144ccf1df_6.0.14393.447_none_42191651c6827bb3\COMCTL32.dll
0x00007ffbc6fd0000 - 0x00007ffbc7298000 	C:\WINDOWS\System32\combase.dll
0x00007ffbc46c0000 - 0x00007ffbc47b5000 	C:\WINDOWS\System32\ucrtbase.dll
0x00007ffbc4b90000 - 0x00007ffbc4bfa000 	C:\WINDOWS\System32\bcryptPrimitives.dll
0x00007ffbc7da0000 - 0x00007ffbc7dce000 	C:\WINDOWS\System32\IMM32.DLL
0x0000000060940000 - 0x0000000060a12000 	C:\Program Files\Java\jdk1.8.0_31\jre\bin\msvcr100.dll
0x0000000060a20000 - 0x000000006127a000 	C:\Program Files\Java\jdk1.8.0_31\jre\bin\server\jvm.dll
0x00007ffbc7360000 - 0x00007ffbc7368000 	C:\WINDOWS\System32\PSAPI.DLL
0x00007ffbb9360000 - 0x00007ffbb9369000 	C:\WINDOWS\SYSTEM32\WSOCK32.dll
0x00007ffbc7b10000 - 0x00007ffbc7b7a000 	C:\WINDOWS\System32\WS2_32.dll
0x00007ffbc2640000 - 0x00007ffbc2663000 	C:\WINDOWS\SYSTEM32\WINMM.dll
0x00007ffbc23d0000 - 0x00007ffbc23fb000 	C:\WINDOWS\SYSTEM32\WINMMBASE.dll
0x00007ffbc4670000 - 0x00007ffbc46b2000 	C:\WINDOWS\System32\cfgmgr32.dll
0x00000000608f0000 - 0x00000000608ff000 	C:\Program Files\Java\jdk1.8.0_31\jre\bin\verify.dll
0x00000000608c0000 - 0x00000000608e8000 	C:\Program Files\Java\jdk1.8.0_31\jre\bin\java.dll
0x00000000608a0000 - 0x00000000608b6000 	C:\Program Files\Java\jdk1.8.0_31\jre\bin\zip.dll
0x00007ffbc53f0000 - 0x00007ffbc68f9000 	C:\WINDOWS\System32\SHELL32.dll
0x00007ffbc4d10000 - 0x00007ffbc53ea000 	C:\WINDOWS\System32\windows.storage.dll
0x00007ffbc42f0000 - 0x00007ffbc433c000 	C:\WINDOWS\System32\powrprof.dll
0x00007ffbc7c30000 - 0x00007ffbc7c82000 	C:\WINDOWS\System32\shlwapi.dll
0x00007ffbc4340000 - 0x00007ffbc434f000 	C:\WINDOWS\System32\kernel.appcore.dll
0x00007ffbc4c00000 - 0x00007ffbc4ca9000 	C:\WINDOWS\System32\shcore.dll
0x00007ffbc42c0000 - 0x00007ffbc42d4000 	C:\WINDOWS\System32\profapi.dll
0x0000000060880000 - 0x000000006089a000 	C:\Program Files\Java\jdk1.8.0_31\jre\bin\net.dll
0x00007ffbc3bf0000 - 0x00007ffbc3c4c000 	C:\WINDOWS\system32\mswsock.dll
0x0000000060860000 - 0x0000000060871000 	C:\Program Files\Java\jdk1.8.0_31\jre\bin\nio.dll
0x00007ffbbb170000 - 0x00007ffbbb302000 	C:\WINDOWS\SYSTEM32\dbghelp.dll

VM Arguments:
jvm_args: -Dclassworlds.conf=C:\Program Files\NetBeans 8.0.2\java\maven\bin\m2.conf -Dmaven.home=C:\Program Files\NetBeans 8.0.2\java\maven 
java_command: org.codehaus.plexus.classworlds.launcher.Launcher -Dexec.args=-classpath %classpath com.mycompany.twitterproductanalysistool.Test -Dexec.executable=C:\Program Files\Java\jdk1.8.0_31\bin\java.exe -Dexec.classpathScope=runtime -Dmaven.ext.class.path=C:\Users\Mustafa\AppData\Roaming\NetBeans\8.0.2\maven-nblib\netbeans-eventspy.jar -Dfile.encoding=UTF-8 org.codehaus.mojo:exec-maven-plugin:1.2.1:exec
java_class_path (initial): C:\Program Files\NetBeans 8.0.2\java\maven\boot\plexus-classworlds-2.4.jar
Launcher Type: SUN_STANDARD

Environment Variables:
JAVA_HOME=C:\Program Files\Java\jdk1.8.0_31
PATH=C:\Program Files\Haskell\bin;C:\Program Files\Haskell Platform\8.0.1\lib\extralibs\bin;C:\Program Files\Haskell Platform\8.0.1\bin;C:\Program Files (x86)\Razer Chroma SDK\bin;C:\Program Files\Razer Chroma SDK\bin;C:\ProgramData\Oracle\Java\javapath;C:\Windows\system32;C:\Windows;C:\Windows\System32\Wbem;C:\Windows\System32\WindowsPowerShell\v1.0\;C:\Program Files (x86)\ATI Technologies\ATI.ACE\Core-Static;C:\Program Files (x86)\QuickTime\QTSystem\;C:\Program Files\OpenVPN\bin;C:\Program Files (x86)\NVIDIA Corporation\PhysX\Common;C:\WINDOWS\system32;C:\WINDOWS;C:\WINDOWS\System32\Wbem;C:\WINDOWS\System32\WindowsPowerShell\v1.0\;C:\Program Files (x86)\Skype\Phone\;C:\Program Files (x86)\SSH Communications Security\SSH Secure Shell\;C:\Python27;C:\Users\Mustafa\AppData\Roaming\Microsoft\Windows\Start Menu\Programs\Python 3.5;C:\WINDOWS\system32;C:\WINDOWS;C:\WINDOWS\System32\Wbem;C:\WINDOWS\System32\WindowsPowerShell\v1.0\;C:\Program Files\Git\cmd;C:\Program Files\Haskell Platform\8.0.1\mingw\bin;C:\sqlite3;D:\MatLab\runtime\win64;D:\MatLab\bin;D:\MatLab\polyspace\bin;C:\Users\Mustafa\AppData\Local\Programs\minghc-7.10.2-x86_64\switch;C:\Users\Mustafa\AppData\Local\Programs\minghc-7.10.2-x86_64\git-2.4.5.1\cmd;C:\Users\Mustafa\AppData\Local\Programs\minghc-7.10.2-x86_64\git-2.4.5.1\usr\bin;C:\Users\Mustafa\AppData\Local\Programs\minghc-7.10.2-x86_64\ghc-7.10.2\mingw\bin;C:\Users\Mustafa\AppData\Local\Programs\minghc-7.10.2-x86_64\ghc-7.10.2\bin;C:\Users\Mustafa\AppData\Local\Programs\minghc-7.10.2-x86_64\bin;C:\Users\Mustafa\AppData\Roaming\cabal\bin;C:\Users\Mustafa\Desktop\bin;C:\Ruby200-x64\bin;C:\Users\Mustafa\AppData\Local\Programs\Python\Python35-32\Scripts\;C:\Users\Mustafa\AppData\Local\Programs\Python\Python35-32\;C:\Program Files (x86)\SSH Communications Security\SSH Secure Shell;C:\Users\Mustafa\AppData\Local\Microsoft\WindowsApps;C:\sqlite3
USERNAME=Mustafa
OS=Windows_NT
PROCESSOR_IDENTIFIER=Intel64 Family 6 Model 60 Stepping 3, GenuineIntel



---------------  S Y S T E M  ---------------

OS: Windows 8.1 , 64 bit Build 9600 

CPU:total 4 (4 cores per cpu, 1 threads per core) family 6 model 60 stepping 3, cmov, cx8, fxsr, mmx, sse, sse2, sse3, ssse3, sse4.1, sse4.2, popcnt, avx, avx2, aes, clmul, erms, lzcnt, tsc, tscinvbit, bmi1, bmi2

Memory: 4k page, physical 8261472k(2517832k free), swap 13911004k(154876k free)

vm_info: Java HotSpot(TM) 64-Bit Server VM (25.31-b07) for windows-amd64 JRE (1.8.0_31-b13), built on Dec 17 2014 21:00:28 by "java_re" with MS VC++ 10.0 (VS2010)

time: Wed Feb 01 20:58:13 2017
elapsed time: 1 seconds (0d 0h 0m 1s)

